<?xml version="1.0" encoding="UTF-8"?>
<!-- Generated by org.testng.reporters.JUnitXMLReporter -->
<testsuite hostname="admin-PC" name="Test" tests="1" failures="1" timestamp="8 Nov 2016 02:57:00 GMT" time="66.148" errors="0">
  <testcase name="GCLogin" time="50.064" classname="com.goldclub.frontend.gc.GCLoginTest">
    <failure type="java.lang.NoSuchFieldException" message="Locator css=input#edit-name not found.">
      <![CDATA[java.lang.NoSuchFieldException: Locator css=input#edit-name not found.
	at com.goldclub.common.GCSelenium.type(GCSelenium.java:734)
	at com.goldclub.frontend.gcpages.GCAccountPage.login(GCAccountPage.java:35)
	at com.goldclub.frontend.gcpages.GCAccountPage.login(GCAccountPage.java:21)
	at com.goldclub.frontend.gc.GCLoginTest.GCLogin(GCLoginTest.java:27)
	at java.util.concurrent.Executors$RunnableAdapter.call(Unknown Source)
	at java.util.concurrent.FutureTask.run(Unknown Source)
	at java.util.concurrent.ThreadPoolExecutor.runWorker(Unknown Source)
	at java.util.concurrent.ThreadPoolExecutor$Worker.run(Unknown Source)
	at java.lang.Thread.run(Unknown Source)
... Removed 7 stack frames]]>
    </failure>
  </testcase> <!-- GCLogin -->
</testsuite> <!-- Test -->
